<?xml version="1.0" encoding="UTF-8"?>
<testng-results skipped="0" failed="0" ignored="0" total="1" passed="1">
  <reporter-output>
  </reporter-output>
  <suite name="Default suite" duration-ms="14784" started-at="2021-08-29T12:54:31Z" finished-at="2021-08-29T12:54:46Z">
    <groups>
    </groups>
    <test name="Default test" duration-ms="14784" started-at="2021-08-29T12:54:31Z" finished-at="2021-08-29T12:54:46Z">
      <class name="com.wiki.qa.testcases.UploadFilePageTest">
        <test-method status="PASS" signature="startbrowser()[pri:0, instance:com.wiki.qa.testcases.UploadFilePageTest@1caeb3e]" name="startbrowser" is-config="true" duration-ms="13100" started-at="2021-08-29T12:54:31Z" finished-at="2021-08-29T12:54:44Z">
          <reporter-output>
          </reporter-output>
        </test-method> <!-- startbrowser -->
        <test-method status="PASS" signature="uploadfilebtntest()[pri:0, instance:com.wiki.qa.testcases.UploadFilePageTest@1caeb3e]" name="uploadfilebtntest" duration-ms="1654" started-at="2021-08-29T12:54:44Z" finished-at="2021-08-29T12:54:46Z">
          <reporter-output>
          </reporter-output>
        </test-method> <!-- uploadfilebtntest -->
      </class> <!-- com.wiki.qa.testcases.UploadFilePageTest -->
    </test> <!-- Default test -->
  </suite> <!-- Default suite -->
</testng-results>
